     1                                  bits 32
     2                                  
     3                                  global start        
     4                                  
     5                                  extern exit, printf, scanf               
     6                                  import exit msvcrt.dll   
     7                                  import printf msvcrt.dll
     8                                  import scanf msvcrt.dll 
     9                                  
    10                                  segment data use32 class=data
    11 00000000 04000000                    a dd 0x4   ; a + a/b
    12 00000004 00000000                    b dd 0
    13 00000008 256400                      format db "%d", 0
    14                                  
    15                                  segment code use32 class=code
    16                                      start:
    17 00000000 68[04000000]                    push dword b
    18 00000005 68[08000000]                    push dword format
    19 0000000A FF15[00000000]                  call [scanf]
    20 00000010 83C408                          add esp, 4*2
    21                                          
    22 00000013 BA00000000                      mov edx, 0
    23 00000018 A1[00000000]                    mov eax, [a]
    24                                          
    25 0000001D F73D[04000000]                  idiv dword [b]
    26                                          
    27 00000023 0305[00000000]                  add eax, [a]
    28                                          
    29 00000029 50                              push eax
    30 0000002A 68[08000000]                    push dword format
    31 0000002F FF15[00000000]                  call [printf]
    32                                          
    33 00000035 6A00                            push dword 0      
    34 00000037 FF15[00000000]                  call [exit]       
