     1                                  bits 32
     2                                  
     3                                  global start        
     4                                  
     5                                  extern exit, fopen, fclose, fread, printf    
     6                                  import exit msvcrt.dll    
     7                                  import fopen msvcrt.dll
     8                                  import fclose msvcrt.dll
     9                                  import fread msvcrt.dll
    10                                  import printf msvcrt.dll  
    11                                  
    12                                  segment data use32 class=data
    13 00000000 43616E6E6F74206F70-         error_message db "Cannot open file", 0
    13 00000009 656E2066696C6500   
    14 00000011 537563636573732100          success_message db "Success!", 0
    15                                  
    16 0000001A 726561646D652E7478-         file_name db "readme.txt", 0
    16 00000023 7400               
    17 00000025 7200                        access_mode db "r", 0
    18                                      
    19 00000027 00000000                    file_descriptor dd 0
    20                                      
    21                                      len equ 100
    22 0000002B 00<rept>                    array times (len + 1) db 0
    23                                      
    24                                      flen equ 'Z' - 'A' + 1
    25 00000090 00<rept>                    frequecy times flen db 0
    26                                      
    27                                  
    28                                  segment code use32 class=code
    29                                      search:
    30 00000000 B964000000                      mov ecx, len
    31 00000005 BE[2B000000]                    mov esi, array
    32 0000000A FC                              cld
    33                                          for:
    34 0000000B AC                                  lodsb
    35 0000000C 3C41                                cmp al, 'A'
    36 0000000E 720F                                jb continue
    37 00000010 3C5A                                cmp al, 'Z'
    38 00000012 770B                                ja continue
    39                                              
    40 00000014 2C41                                sub al, 'A'
    41 00000016 BB[90000000]                        mov ebx, frequecy
    42 0000001B 00C3                                add bl, al
    43 0000001D FE03                                inc byte [ebx]
    44                                              
    45                                              continue:
    46 0000001F E2EA                            loop for
    47                                          
    48 00000021 68[90000000]                    push dword frequecy
    49 00000026 FF15[00000000]                  call [printf]
    50 0000002C 83C404                          add esp, 4
    51 0000002F C3                              ret
    52                                          
    53                                      start:
    54                                          ; fopen
    55 00000030 68[25000000]                    push dword access_mode
    56 00000035 68[1A000000]                    push dword file_name
    57 0000003A FF15[00000000]                  call [fopen]
    58 00000040 83C408                          add esp, 4*2
    59 00000043 A3[27000000]                    mov [file_descriptor], eax
    60                                          
    61                                          ;fread
    62 00000048 83F800                          cmp eax, 0
    63 0000004B 742E                            je err
    64 0000004D FF35[27000000]                  push dword [file_descriptor]
    65 00000053 6A64                            push dword len
    66 00000055 6A01                            push dword 1
    67 00000057 68[2B000000]                    push dword array
    68 0000005C FF15[00000000]                  call [fread]
    69 00000062 83C410                          add esp, 4*4
    70                                          
    71 00000065 E896FFFFFF                      call search
    72                                          
    73                                          ; close file
    74 0000006A FF35[27000000]                  push dword [file_descriptor]
    75 00000070 FF15[00000000]                  call [fclose]
    76 00000076 83C404                          add esp, 4
    77                                          
    78 00000079 EB0E                            jmp final
    79                                          
    80                                          err:
    81 0000007B 68[00000000]                    push dword error_message
    82 00000080 FF15[00000000]                  call [printf]
    83 00000086 83C404                          add esp, 4
    84                                          
    85                                          final:
    86 00000089 6A00                            push dword 0      
    87 0000008B FF15[00000000]                  call [exit]       
