     1                                  bits 32 ; assembling for the 32 bits architecture
     2                                  
     3                                  ; declare the EntryPoint (a label defining the very first instruction of the program)
     4                                  global start        
     5                                  
     6                                  ; declare external functions needed by our program
     7                                  extern exit, scanf          ; tell nasm that exit exists even if we won't be defining it
     8                                  import exit msvcrt.dll    ; exit is a function that ends the calling process. It is defined in msvcrt.dll
     9                                  import scanf msvcrt.dll         ; msvcrt.dll contains exit, printf and all the other important C-runtime specific functions
    10                                  
    11                                  ; our data is declared here (the variables needed by our program)
    12                                  segment data use32 class=data
    13                                      ; ...
    14 00000000 257300                      format db "%s", 0
    15 00000003 00<rept>                    sir times 100 db 0
    16                                  
    17                                  ; our code starts here
    18                                  segment code use32 class=code
    19                                      start:
    20                                          ; ... scanf(format, sir)
    21 00000000 68[03000000]                    push sir
    22 00000005 68[00000000]                    push format
    23 0000000A FF15[00000000]                  call [scanf]
    24 00000010 83C408                          add esp, 4*2
    25                                      
    26                                          ; exit(0)
    27 00000013 6A00                            push    dword 0      ; push the parameter for exit onto the stack
    28 00000015 FF15[00000000]                  call    [exit]       ; call exit to terminate the program
