     1                                  bits 32
     2                                  
     3                                  global start        
     4                                  
     5                                  extern exit, fopen, fclose, fread, printf    
     6                                  import exit msvcrt.dll    
     7                                  import fopen msvcrt.dll
     8                                  import fclose msvcrt.dll
     9                                  import fread msvcrt.dll
    10                                  import printf msvcrt.dll
    11                                  
    12                                  
    13                                  segment data use32 class=data
    14 00000000 706F76657374652E74-         nume_fisier db "poveste.txt", 0
    14 00000009 787400             
    15 0000000C 7200                        mod_acces db "r", 0
    16 0000000E 00000000                    file_descriptor dd 0
    17                                      
    18                                      len equ 100
    19 00000012 00<rept>                    sir times (len + 1) db 0
    20                                      
    21                                  
    22                                  segment code use32 class=code
    23                                      start:
    24                                          ; eax = fopen(nume_fisier, mod_acces)
    25 00000000 68[0C000000]                    push mod_acces
    26 00000005 68[00000000]                    push nume_fisier
    27 0000000A FF15[00000000]                  call [fopen]
    28 00000010 83C408                          add esp, 4*2
    29                                          
    30 00000013 A3[0E000000]                    mov [file_descriptor], eax
    31                                          
    32 00000018 83F800                          cmp eax, 0
    33 0000001B 743B                            je final
    34                                          
    35                                          ; fread(sir, 1, len, file_descriptor)
    36 0000001D FF35[0E000000]                  push dword [file_descriptor]
    37 00000023 6A64                            push dword len
    38 00000025 6A01                            push dword 1
    39 00000027 68[12000000]                    push sir
    40 0000002C FF15[00000000]                  call [fread]
    41 00000032 83C410                          add esp, 4*4
    42                                          
    43                                          ; eax = nr bytes cititi
    44                                          ; count how many times a appears
    45                                          ; count = 0
    46                                          ; for (i = 0; i < eax; i++)
    47                                          ;   if sir[i] == 'a'
    48                                          ;       count++
    49                                          
    50 00000035 89C1                            mov ecx, eax
    51 00000037 BE[12000000]                    mov esi, sir
    52 0000003C B300                            mov bl, 0
    53                                          
    54                                          for:
    55 0000003E FC                                  cld
    56 0000003F AC                                  lodsb
    57 00000040 83F861                              cmp eax, 'a'
    58 00000043 7502                                jne not_eq
    59 00000045 FEC3                                inc bl
    60                                              
    61                                              not_eq:
    62 00000047 E2F5                            loop for
    63                                          
    64                                          ; fclose(file_descriptor)
    65 00000049 FF35[0E000000]                  push dword [file_descriptor]
    66 0000004F FF15[00000000]                  call [fclose]
    67 00000055 83C404                          add esp, 4
    68                                          
    69                                          final:
    70                                          
    71                                          
    72 00000058 6A00                            push dword 0      
    73 0000005A FF15[00000000]                  call [exit]       
