     1                                  bits 32 ; assembling for the 32 bits architecture
     2                                  
     3                                  ; declare the EntryPoint (a label defining the very first instruction of the program)
     4                                  global start        
     5                                  
     6                                  ; declare external functions needed by our program
     7                                  extern exit               ; tell nasm that exit exists even if we won't be defining it
     8                                  import exit msvcrt.dll    ; exit is a function that ends the calling process. It is defined in msvcrt.dll
     9                                                            ; msvcrt.dll contains exit, printf and all the other important C-runtime specific functions
    10                                  
    11                                  ; our data is declared here (the variables needed by our program)
    12                                  segment data use32 class=data
    13                                      ; ...
    14                                      ; 128+127
    15                                      ; a, b, c, d - byte
    16                                      ; e, f, g ,h - word
    17 00000000 7F                          a db 127
    18 00000001 80                          b db 128
    19 00000002 00                          result db 0x0
    20                                  
    21                                  ; our code starts here
    22                                  segment code use32 class=code
    23                                      start:
    24                                          ; ...
    25 00000000 A0[00000000]                    mov al, [a]
    26 00000005 0205[01000000]                  add al, [b]
    27 0000000B A2[02000000]                    mov [result], al
    28                                      
    29                                          ; exit(0)
    30 00000010 6A00                            push    dword 0      ; push the parameter for exit onto the stack
    31 00000012 FF15[00000000]                  call    [exit]       ; call exit to terminate the program
