     1                                  bits 32
     2                                  
     3                                  global start        
     4                                  
     5                                  extern exit               
     6                                  import exit msvcrt.dll    
     7                                  
     8                                  segment data use32 class=data
     9                                      
    10                                  
    11                                  segment code use32 class=code
    12                                      ; int suma(int a, int b)
    13                                      suma:
    14 00000000 55                              push ebp
    15 00000001 89E5                            mov ebp, esp        ; create stack frame
    16 00000003 8B4508                          mov eax, [ebp + 8] ;eax = a
    17 00000006 03450C                          add eax, [ebp + 12]
    18                                          
    19 00000009 5D                              pop ebp             ; destroy stack frame
    20 0000000A C20800                          ret 4*2
    21                                          
    22                                      
    23                                      start:
    24 0000000D 6A01                            push dword 1
    25 0000000F 6A02                            push dword 2
    26 00000011 E8EAFFFFFF                      call suma
    27                                          
    28                                          ; eax = a + bits
    29                                          
    30                                          
    31                                          
    32 00000016 6A00                            push dword 0      
    33 00000018 FF15[00000000]                  call [exit]       
